#
# There is insufficient memory for the Java Runtime Environment to continue.
# Native memory allocation (mmap) failed to map 65536 bytes for Failed to commit metaspace.
# Possible reasons:
#   The system is out of physical RAM or swap space
#   The process is running with CompressedOops enabled, and the Java Heap may be blocking the growth of the native heap
# Possible solutions:
#   Reduce memory load on the system
#   Increase physical memory or swap space
#   Check if swap backing store is full
#   Decrease Java heap size (-Xmx/-Xms)
#   Decrease number of Java threads
#   Decrease Java thread stack sizes (-Xss)
#   Set larger code cache with -XX:ReservedCodeCacheSize=
#   JVM is running with Unscaled Compressed Oops mode in which the Java heap is
#     placed in the first 4GB address space. The Java Heap base address is the
#     maximum limit for the native heap growth. Please use -XX:HeapBaseMinAddress
#     to set the Java Heap base and to place the Java Heap above 4GB virtual address.
# This output file may be truncated or incomplete.
#
#  Out of Memory Error (virtualSpaceNode.cpp:110), pid=9740, tid=9772
#
# JRE version: Java(TM) SE Runtime Environment (18.0.1.1+2) (build 18.0.1.1+2-6)
# Java VM: Java HotSpot(TM) 64-Bit Server VM (18.0.1.1+2-6, mixed mode, tiered, compressed oops, compressed class ptrs, g1 gc, windows-amd64)
# No core dump will be written. Minidumps are not enabled by default on client versions of Windows
#

---------------  S U M M A R Y ------------

Command Line: -Dfile.encoding=UTF-8 -XX:+ShowCodeDetailsInExceptionMessages Operadores

Host: Intel(R) Core(TM) i5-1035G1 CPU @ 1.00GHz, 2 cores, 2G,  Windows 10 , 64 bit Build 19041 (10.0.19041.1741)
Time: Tue Jun 21 11:41:00 2022 Hora de verano romance elapsed time: 0.208428 seconds (0d 0h 0m 0s)

---------------  T H R E A D  ---------------

Current thread (0x000001acec5fd0d0):  JavaThread "main" [_thread_in_vm, id=9772, stack(0x0000002fcb400000,0x0000002fcb500000)]

Stack: [0x0000002fcb400000,0x0000002fcb500000]
Native frames: (J=compiled Java code, j=interpreted, Vv=VM code, C=native code)
V  [jvm.dll+0x69887a]
V  [jvm.dll+0x7f38bd]
V  [jvm.dll+0x7f51ce]
V  [jvm.dll+0x7f5883]
V  [jvm.dll+0x25ca3f]
V  [jvm.dll+0x7ef5cb]
V  [jvm.dll+0x63ea76]
V  [jvm.dll+0x63eada]
V  [jvm.dll+0x64135e]
V  [jvm.dll+0x64121e]
V  [jvm.dll+0x63f43e]
V  [jvm.dll+0x25108f]
V  [jvm.dll+0x649a75]
V  [jvm.dll+0x202381]
V  [jvm.dll+0x2028b5]
V  [jvm.dll+0x2032ef]
V  [jvm.dll+0x1f8781]
V  [jvm.dll+0x55d685]
V  [jvm.dll+0x209637]
V  [jvm.dll+0x76cf6d]
V  [jvm.dll+0x76e2a6]
V  [jvm.dll+0x76e5d8]
V  [jvm.dll+0x254d46]
V  [jvm.dll+0x3a0d7e]
C  0x000001ac8001b64e

Java frames: (J=compiled Java code, j=interpreted, Vv=VM code)
j  sun.util.resources.Bundles.putBundleInCache(Lsun/util/resources/Bundles$CacheKey;Ljava/util/ResourceBundle;)Ljava/util/ResourceBundle;+8 java.base@18.0.1.1
j  sun.util.resources.Bundles.findBundleOf(Lsun/util/resources/Bundles$CacheKey;Lsun/util/resources/Bundles$Strategy;Ljava/lang/String;Ljava/util/List;I)Ljava/util/ResourceBundle;+434 java.base@18.0.1.1
j  sun.util.resources.Bundles.findBundleOf(Lsun/util/resources/Bundles$CacheKey;Lsun/util/resources/Bundles$Strategy;Ljava/lang/String;Ljava/util/List;I)Ljava/util/ResourceBundle;+37 java.base@18.0.1.1
j  sun.util.resources.Bundles.findBundleOf(Lsun/util/resources/Bundles$CacheKey;Lsun/util/resources/Bundles$Strategy;Ljava/lang/String;Ljava/util/List;I)Ljava/util/ResourceBundle;+37 java.base@18.0.1.1
j  sun.util.resources.Bundles.loadBundleOf(Ljava/lang/String;Ljava/util/Locale;Lsun/util/resources/Bundles$Strategy;)Ljava/util/ResourceBundle;+112 java.base@18.0.1.1
j  sun.util.resources.Bundles.of(Ljava/lang/String;Ljava/util/Locale;Lsun/util/resources/Bundles$Strategy;)Ljava/util/ResourceBundle;+3 java.base@18.0.1.1
j  sun.util.resources.LocaleData$1.run()Ljava/util/ResourceBundle;+11 java.base@18.0.1.1
j  sun.util.resources.LocaleData$1.run()Ljava/lang/Object;+1 java.base@18.0.1.1
j  java.security.AccessController.executePrivileged(Ljava/security/PrivilegedAction;Ljava/security/AccessControlContext;Ljava/lang/Class;)Ljava/lang/Object;+29 java.base@18.0.1.1
j  java.security.AccessController.doPrivileged(Ljava/security/PrivilegedAction;)Ljava/lang/Object;+5 java.base@18.0.1.1
j  sun.util.resources.LocaleData.getBundle(Ljava/lang/String;Ljava/util/Locale;)Ljava/util/ResourceBundle;+9 java.base@18.0.1.1
j  sun.util.resources.LocaleData.getNumberFormatData(Ljava/util/Locale;)Ljava/util/ResourceBundle;+26 java.base@18.0.1.1
j  sun.util.locale.provider.LocaleResources.getNumberPatterns()[Ljava/lang/String;+44 java.base@18.0.1.1
j  sun.util.locale.provider.NumberFormatProviderImpl.getInstance(Ljava/util/Locale;I)Ljava/text/NumberFormat;+45 java.base@18.0.1.1
j  sun.util.locale.provider.NumberFormatProviderImpl.getNumberInstance(Ljava/util/Locale;)Ljava/text/NumberFormat;+3 java.base@18.0.1.1
j  java.text.NumberFormat.getInstance(Lsun/util/locale/provider/LocaleProviderAdapter;Ljava/util/Locale;Ljava/text/NumberFormat$Style;I)Ljava/text/NumberFormat;+47 java.base@18.0.1.1
j  java.text.NumberFormat.getInstance(Ljava/util/Locale;Ljava/text/NumberFormat$Style;I)Ljava/text/NumberFormat;+11 java.base@18.0.1.1
j  java.text.NumberFormat.getNumberInstance(Ljava/util/Locale;)Ljava/text/NumberFormat;+3 java.base@18.0.1.1
j  java.util.Scanner.useLocale(Ljava/util/Locale;)Ljava/util/Scanner;+31 java.base@18.0.1.1
j  java.util.Scanner.<init>(Ljava/lang/Readable;Ljava/util/regex/Pattern;)V+243 java.base@18.0.1.1
j  java.util.Scanner.<init>(Ljava/io/InputStream;)V+12 java.base@18.0.1.1
j  Operadores.main([Ljava/lang/String;)V+7
v  ~StubRoutines::call_stub

---------------  P R O C E S S  ---------------

Threads class SMR info:
_java_thread_list=0x000001ac934e2530, length=12, elements={
0x000001acec5fd0d0, 0x000001ac8f145150, 0x000001ac8f146960, 0x000001ac8f177420,
0x000001ac8f178ce0, 0x000001ac8f179590, 0x000001ac8f179e40, 0x000001ac8f17aa20,
0x000001ac8f1eb540, 0x000001ac8f1f0200, 0x000001ac93504000, 0x000001ac935245d0
}

Java Threads: ( => current thread )
=>0x000001acec5fd0d0 JavaThread "main" [_thread_in_vm, id=9772, stack(0x0000002fcb400000,0x0000002fcb500000)]
  0x000001ac8f145150 JavaThread "Reference Handler" daemon [_thread_blocked, id=9800, stack(0x0000002fcbb00000,0x0000002fcbc00000)]
  0x000001ac8f146960 JavaThread "Finalizer" daemon [_thread_blocked, id=9804, stack(0x0000002fcbc00000,0x0000002fcbd00000)]
  0x000001ac8f177420 JavaThread "Signal Dispatcher" daemon [_thread_blocked, id=9808, stack(0x0000002fcbd00000,0x0000002fcbe00000)]
  0x000001ac8f178ce0 JavaThread "Attach Listener" daemon [_thread_blocked, id=9812, stack(0x0000002fcbe00000,0x0000002fcbf00000)]
  0x000001ac8f179590 JavaThread "Service Thread" daemon [_thread_blocked, id=9816, stack(0x0000002fcbf00000,0x0000002fcc000000)]
  0x000001ac8f179e40 JavaThread "Monitor Deflation Thread" daemon [_thread_blocked, id=9820, stack(0x0000002fcc000000,0x0000002fcc100000)]
  0x000001ac8f17aa20 JavaThread "C2 CompilerThread0" daemon [_thread_blocked, id=9824, stack(0x0000002fcc100000,0x0000002fcc200000)]
  0x000001ac8f1eb540 JavaThread "C1 CompilerThread0" daemon [_thread_in_vm, id=9828, stack(0x0000002fcc200000,0x0000002fcc300000)]
  0x000001ac8f1f0200 JavaThread "Sweeper thread" daemon [_thread_blocked, id=9832, stack(0x0000002fcc300000,0x0000002fcc400000)]
  0x000001ac93504000 JavaThread "Notification Thread" daemon [_thread_blocked, id=9836, stack(0x0000002fcc400000,0x0000002fcc500000)]
  0x000001ac935245d0 JavaThread "Common-Cleaner" daemon [_thread_blocked, id=9844, stack(0x0000002fcc600000,0x0000002fcc700000)]

Other Threads:
  0x000001ac8f131890 VMThread "VM Thread" [stack: 0x0000002fcba00000,0x0000002fcbb00000] [id=9796]
  0x000001ac9345e380 WatcherThread "VM Periodic Task Thread" [stack: 0x0000002fcc500000,0x0000002fcc600000] [id=9840]
  0x000001acec637850 WorkerThread "GC Thread#0" [stack: 0x0000002fcb500000,0x0000002fcb600000] [id=9776]
  0x000001acec63f6a0 ConcurrentGCThread "G1 Main Marker" [stack: 0x0000002fcb600000,0x0000002fcb700000] [id=9780]
  0x000001acec641750 WorkerThread "G1 Conc#0" [stack: 0x0000002fcb700000,0x0000002fcb800000] [id=9784]
  0x000001acec65ff80 ConcurrentGCThread "G1 Refine#0" [stack: 0x0000002fcb800000,0x0000002fcb900000] [id=9788]
  0x000001acec660f40 ConcurrentGCThread "G1 Service" [stack: 0x0000002fcb900000,0x0000002fcba00000] [id=9792]

Threads with active compile tasks:
C1 CompilerThread0      217  142       3       jdk.internal.org.objectweb.asm.SymbolTable::hash (10 bytes)

VM state: not at safepoint (normal execution)

VM Mutex/Monitor currently owned by a thread:  ([mutex/lock_event])
[0x000001acec5f7dc0] Metaspace_lock - owner thread: 0x000001acec5fd0d0
[0x000001acec5f9af0] MethodData_lock - owner thread: 0x000001ac8f1eb540

Heap address: 0x00000000d0000000, size: 768 MB, Compressed Oops mode: 32-bit

CDS archive(s) not mapped
Compressed class space mapped at: 0x0000000100000000-0x0000000140000000, reserved size: 1073741824
Narrow klass base: 0x0000000000000000, Narrow klass shift: 3, Narrow klass range: 0x140000000

GC Precious Log:
 CardTable entry size: 512
 Card Set container configuration: InlinePtr #cards 5 size 8 Array Of Cards #cards 12 size 40 Howl #buckets 4 coarsen threshold 1843 Howl Bitmap #cards 512 size 80 coarsen threshold 460 Card regions per heap region 1 cards per card region 2048
 CPUs: 2 total, 2 available
 Memory: 3071M
 Large Page Support: Disabled
 NUMA Support: Disabled
 Compressed Oops: Enabled (32-bit)
 Heap Region Size: 1M
 Heap Min Capacity: 8M
 Heap Initial Capacity: 48M
 Heap Max Capacity: 768M
 Pre-touch: Disabled
 Parallel Workers: 2
 Concurrent Workers: 1
 Concurrent Refinement Workers: 2
 Periodic GC: Disabled

Heap:
 garbage-first heap   total 49152K, used 1024K [0x00000000d0000000, 0x0000000100000000)
  region size 1024K, 2 young (2048K), 0 survivors (0K)
 Metaspace       used 5981K, committed 6080K, reserved 1114112K
  class space    used 472K, committed 512K, reserved 1048576K

Heap Regions: E=young(eden), S=young(survivor), O=old, HS=humongous(starts), HC=humongous(continues), CS=collection set, F=free, OA=open archive, CA=closed archive, TAMS=top-at-mark-start (previous, next)
|   0|0x00000000d0000000, 0x00000000d0000000, 0x00000000d0100000|  0%| F|  |TAMS 0x00000000d0000000, 0x00000000d0000000| Untracked 
|   1|0x00000000d0100000, 0x00000000d0100000, 0x00000000d0200000|  0%| F|  |TAMS 0x00000000d0100000, 0x00000000d0100000| Untracked 
|   2|0x00000000d0200000, 0x00000000d0200000, 0x00000000d0300000|  0%| F|  |TAMS 0x00000000d0200000, 0x00000000d0200000| Untracked 
|   3|0x00000000d0300000, 0x00000000d0300000, 0x00000000d0400000|  0%| F|  |TAMS 0x00000000d0300000, 0x00000000d0300000| Untracked 
|   4|0x00000000d0400000, 0x00000000d0400000, 0x00000000d0500000|  0%| F|  |TAMS 0x00000000d0400000, 0x00000000d0400000| Untracked 
|   5|0x00000000d0500000, 0x00000000d0500000, 0x00000000d0600000|  0%| F|  |TAMS 0x00000000d0500000, 0x00000000d0500000| Untracked 
|   6|0x00000000d0600000, 0x00000000d0600000, 0x00000000d0700000|  0%| F|  |TAMS 0x00000000d0600000, 0x00000000d0600000| Untracked 
|   7|0x00000000d0700000, 0x00000000d0700000, 0x00000000d0800000|  0%| F|  |TAMS 0x00000000d0700000, 0x00000000d0700000| Untracked 
|   8|0x00000000d0800000, 0x00000000d0800000, 0x00000000d0900000|  0%| F|  |TAMS 0x00000000d0800000, 0x00000000d0800000| Untracked 
|   9|0x00000000d0900000, 0x00000000d0900000, 0x00000000d0a00000|  0%| F|  |TAMS 0x00000000d0900000, 0x00000000d0900000| Untracked 
|  10|0x00000000d0a00000, 0x00000000d0a00000, 0x00000000d0b00000|  0%| F|  |TAMS 0x00000000d0a00000, 0x00000000d0a00000| Untracked 
|  11|0x00000000d0b00000, 0x00000000d0b00000, 0x00000000d0c00000|  0%| F|  |TAMS 0x00000000d0b00000, 0x00000000d0b00000| Untracked 
|  12|0x00000000d0c00000, 0x00000000d0c00000, 0x00000000d0d00000|  0%| F|  |TAMS 0x00000000d0c00000, 0x00000000d0c00000| Untracked 
|  13|0x00000000d0d00000, 0x00000000d0d00000, 0x00000000d0e00000|  0%| F|  |TAMS 0x00000000d0d00000, 0x00000000d0d00000| Untracked 
|  14|0x00000000d0e00000, 0x00000000d0e00000, 0x00000000d0f00000|  0%| F|  |TAMS 0x00000000d0e00000, 0x00000000d0e00000| Untracked 
|  15|0x00000000d0f00000, 0x00000000d0f00000, 0x00000000d1000000|  0%| F|  |TAMS 0x00000000d0f00000, 0x00000000d0f00000| Untracked 
|  16|0x00000000d1000000, 0x00000000d1000000, 0x00000000d1100000|  0%| F|  |TAMS 0x00000000d1000000, 0x00000000d1000000| Untracked 
|  17|0x00000000d1100000, 0x00000000d1100000, 0x00000000d1200000|  0%| F|  |TAMS 0x00000000d1100000, 0x00000000d1100000| Untracked 
|  18|0x00000000d1200000, 0x00000000d1200000, 0x00000000d1300000|  0%| F|  |TAMS 0x00000000d1200000, 0x00000000d1200000| Untracked 
|  19|0x00000000d1300000, 0x00000000d1300000, 0x00000000d1400000|  0%| F|  |TAMS 0x00000000d1300000, 0x00000000d1300000| Untracked 
|  20|0x00000000d1400000, 0x00000000d1400000, 0x00000000d1500000|  0%| F|  |TAMS 0x00000000d1400000, 0x00000000d1400000| Untracked 
|  21|0x00000000d1500000, 0x00000000d1500000, 0x00000000d1600000|  0%| F|  |TAMS 0x00000000d1500000, 0x00000000d1500000| Untracked 
|  22|0x00000000d1600000, 0x00000000d1600000, 0x00000000d1700000|  0%| F|  |TAMS 0x00000000d1600000, 0x00000000d1600000| Untracked 
|  23|0x00000000d1700000, 0x00000000d1700000, 0x00000000d1800000|  0%| F|  |TAMS 0x00000000d1700000, 0x00000000d1700000| Untracked 
|  24|0x00000000d1800000, 0x00000000d1800000, 0x00000000d1900000|  0%| F|  |TAMS 0x00000000d1800000, 0x00000000d1800000| Untracked 
|  25|0x00000000d1900000, 0x00000000d1900000, 0x00000000d1a00000|  0%| F|  |TAMS 0x00000000d1900000, 0x00000000d1900000| Untracked 
|  26|0x00000000d1a00000, 0x00000000d1a00000, 0x00000000d1b00000|  0%| F|  |TAMS 0x00000000d1a00000, 0x00000000d1a00000| Untracked 
|  27|0x00000000d1b00000, 0x00000000d1b00000, 0x00000000d1c00000|  0%| F|  |TAMS 0x00000000d1b00000, 0x00000000d1b00000| Untracked 
|  28|0x00000000d1c00000, 0x00000000d1c00000, 0x00000000d1d00000|  0%| F|  |TAMS 0x00000000d1c00000, 0x00000000d1c00000| Untracked 
|  29|0x00000000d1d00000, 0x00000000d1d00000, 0x00000000d1e00000|  0%| F|  |TAMS 0x00000000d1d00000, 0x00000000d1d00000| Untracked 
|  30|0x00000000d1e00000, 0x00000000d1e00000, 0x00000000d1f00000|  0%| F|  |TAMS 0x00000000d1e00000, 0x00000000d1e00000| Untracked 
|  31|0x00000000d1f00000, 0x00000000d1f00000, 0x00000000d2000000|  0%| F|  |TAMS 0x00000000d1f00000, 0x00000000d1f00000| Untracked 
|  32|0x00000000d2000000, 0x00000000d2000000, 0x00000000d2100000|  0%| F|  |TAMS 0x00000000d2000000, 0x00000000d2000000| Untracked 
|  33|0x00000000d2100000, 0x00000000d2100000, 0x00000000d2200000|  0%| F|  |TAMS 0x00000000d2100000, 0x00000000d2100000| Untracked 
|  34|0x00000000d2200000, 0x00000000d2200000, 0x00000000d2300000|  0%| F|  |TAMS 0x00000000d2200000, 0x00000000d2200000| Untracked 
|  35|0x00000000d2300000, 0x00000000d2300000, 0x00000000d2400000|  0%| F|  |TAMS 0x00000000d2300000, 0x00000000d2300000| Untracked 
|  36|0x00000000d2400000, 0x00000000d2400000, 0x00000000d2500000|  0%| F|  |TAMS 0x00000000d2400000, 0x00000000d2400000| Untracked 
|  37|0x00000000d2500000, 0x00000000d2500000, 0x00000000d2600000|  0%| F|  |TAMS 0x00000000d2500000, 0x00000000d2500000| Untracked 
|  38|0x00000000d2600000, 0x00000000d2600000, 0x00000000d2700000|  0%| F|  |TAMS 0x00000000d2600000, 0x00000000d2600000| Untracked 
|  39|0x00000000d2700000, 0x00000000d2700000, 0x00000000d2800000|  0%| F|  |TAMS 0x00000000d2700000, 0x00000000d2700000| Untracked 
|  40|0x00000000d2800000, 0x00000000d2800000, 0x00000000d2900000|  0%| F|  |TAMS 0x00000000d2800000, 0x00000000d2800000| Untracked 
|  41|0x00000000d2900000, 0x00000000d2900000, 0x00000000d2a00000|  0%| F|  |TAMS 0x00000000d2900000, 0x00000000d2900000| Untracked 
|  42|0x00000000d2a00000, 0x00000000d2a00000, 0x00000000d2b00000|  0%| F|  |TAMS 0x00000000d2a00000, 0x00000000d2a00000| Untracked 
|  43|0x00000000d2b00000, 0x00000000d2b00000, 0x00000000d2c00000|  0%| F|  |TAMS 0x00000000d2b00000, 0x00000000d2b00000| Untracked 
|  44|0x00000000d2c00000, 0x00000000d2c00000, 0x00000000d2d00000|  0%| F|  |TAMS 0x00000000d2c00000, 0x00000000d2c00000| Untracked 
|  45|0x00000000d2d00000, 0x00000000d2d00000, 0x00000000d2e00000|  0%| F|  |TAMS 0x00000000d2d00000, 0x00000000d2d00000| Untracked 
|  46|0x00000000d2e00000, 0x00000000d2e412c0, 0x00000000d2f00000| 25%| E|  |TAMS 0x00000000d2e00000, 0x00000000d2e00000| Complete 
|  47|0x00000000d2f00000, 0x00000000d3000000, 0x00000000d3000000|100%| E|CS|TAMS 0x00000000d2f00000, 0x00000000d2f00000| Complete 

Card table byte_map: [0x000001acf5c90000,0x000001acf5e10000] _byte_map_base: 0x000001acf5610000

Marking Bits (Prev, Next): (CMBitMap*) 0x000001acec638d70, (CMBitMap*) 0x000001acec638db0
 Prev Bits: [0x000001acf5f90000, 0x000001acf6b90000)
 Next Bits: [0x000001acf6b90000, 0x000001acf7790000)

Polling page: 0x000001acec3f0000

Metaspace:

Usage:
  Non-class:      5.38 MB used.
      Class:    472.51 KB used.
       Both:      5.84 MB used.

Virtual space:
  Non-class space:       64.00 MB reserved,       5.44 MB (  8%) committed,  1 nodes.
      Class space:        1.00 GB reserved,     512.00 KB ( <1%) committed,  1 nodes.
             Both:        1.06 GB reserved,       5.94 MB ( <1%) committed. 

Chunk freelists:
   Non-Class:  2.49 MB
       Class:  3.53 MB
        Both:  6.02 MB

MaxMetaspaceSize: unlimited
CompressedClassSpaceSize: 1.00 GB
Initial GC threshold: 21.00 MB
Current GC threshold: 21.00 MB
CDS: off
MetaspaceReclaimPolicy: balanced
 - commit_granule_bytes: 65536.
 - commit_granule_words: 8192.
 - virtual_space_node_default_size: 8388608.
 - enlarge_chunks_in_place: 1.
 - new_chunks_are_fully_committed: 0.
 - uncommit_free_chunks: 1.
 - use_allocation_guard: 0.


Internal statistics:

num_allocs_failed_limit: 0.
num_arena_births: 8.
num_arena_deaths: 0.
num_vsnodes_births: 2.
num_vsnodes_deaths: 0.
num_space_committed: 95.
num_space_uncommitted: 0.
num_chunks_returned_to_freelist: 0.
num_chunks_taken_from_freelist: 14.
num_chunk_merges: 0.
num_chunk_splits: 4.
num_chunks_enlarged: 1.
num_inconsistent_stats: 0.

CodeHeap 'non-profiled nmethods': size=120064Kb used=40Kb max_used=40Kb free=120023Kb
 bounds [0x000001ac87ac0000, 0x000001ac87d30000, 0x000001ac8f000000]
CodeHeap 'profiled nmethods': size=120000Kb used=171Kb max_used=171Kb free=119828Kb
 bounds [0x000001ac80590000, 0x000001ac80800000, 0x000001ac87ac0000]
CodeHeap 'non-nmethods': size=5696Kb used=1093Kb max_used=1106Kb free=4602Kb
 bounds [0x000001ac80000000, 0x000001ac80270000, 0x000001ac80590000]
 total_blobs=496 nmethods=141 adapters=268
 compilation: enabled
              stopped_count=0, restarted_count=0
 full_count=0

Compilation events (20 events):
Event: 0.196 Thread 0x000001ac8f1eb540 nmethod 130 0x000001ac805b3690 code [0x000001ac805b39e0, 0x000001ac805b5038]
Event: 0.196 Thread 0x000001ac8f1eb540  133       3       java.util.HashSet::add (20 bytes)
Event: 0.196 Thread 0x000001ac8f1eb540 nmethod 133 0x000001ac805b5890 code [0x000001ac805b5a40, 0x000001ac805b5be8]
Event: 0.196 Thread 0x000001ac8f1eb540  134       3       jdk.internal.util.Preconditions::checkFromToIndex (24 bytes)
Event: 0.196 Thread 0x000001ac8f1eb540 nmethod 134 0x000001ac805b5c90 code [0x000001ac805b5e40, 0x000001ac805b6028]
Event: 0.196 Thread 0x000001ac8f1eb540  131       3       java.util.Arrays::copyOfRange (64 bytes)
Event: 0.198 Thread 0x000001ac8f1eb540 nmethod 131 0x000001ac805b6110 code [0x000001ac805b6380, 0x000001ac805b6c78]
Event: 0.198 Thread 0x000001ac8f1eb540  132       3       java.lang.StringLatin1::newString (24 bytes)
Event: 0.198 Thread 0x000001ac8f1eb540 nmethod 132 0x000001ac805b7010 code [0x000001ac805b71e0, 0x000001ac805b7508]
Event: 0.198 Thread 0x000001ac8f1eb540  138       3       java.lang.String::substring (58 bytes)
Event: 0.199 Thread 0x000001ac8f1eb540 nmethod 138 0x000001ac805b7610 code [0x000001ac805b7820, 0x000001ac805b7e48]
Event: 0.199 Thread 0x000001ac8f1eb540  135       3       java.lang.String::checkBoundsBeginEnd (11 bytes)
Event: 0.199 Thread 0x000001ac8f1eb540 nmethod 135 0x000001ac805b8090 code [0x000001ac805b8240, 0x000001ac805b8488]
Event: 0.199 Thread 0x000001ac8f1eb540  136       3       java.util.StringTokenizer::hasMoreTokens (29 bytes)
Event: 0.199 Thread 0x000001ac8f1eb540 nmethod 136 0x000001ac805b8590 code [0x000001ac805b8740, 0x000001ac805b88e8]
Event: 0.199 Thread 0x000001ac8f1eb540  137       3       java.util.StringTokenizer::nextToken (92 bytes)
Event: 0.200 Thread 0x000001ac8f1eb540 nmethod 137 0x000001ac805b8990 code [0x000001ac805b8b60, 0x000001ac805b8e98]
Event: 0.205 Thread 0x000001ac8f1eb540  139       3       java.lang.invoke.MethodType::checkSlotCount (33 bytes)
Event: 0.205 Thread 0x000001ac8f1eb540 nmethod 139 0x000001ac805b9010 code [0x000001ac805b9240, 0x000001ac805b98d8]
Event: 0.205 Thread 0x000001ac8f1eb540  141       3       jdk.internal.org.objectweb.asm.ByteVector::putUTF8 (144 bytes)

GC Heap History (0 events):
No events

Deoptimization events (0 events):
No events

Classes loaded (20 events):
Event: 0.204 Loading class sun/util/resources/Bundles$CacheKey done
Event: 0.204 Loading class sun/util/resources/LocaleData$CommonResourceBundleProvider
Event: 0.204 Loading class sun/util/resources/LocaleData$LocaleDataResourceBundleProvider
Event: 0.204 Loading class java/util/spi/ResourceBundleProvider
Event: 0.204 Loading class java/util/spi/ResourceBundleProvider done
Event: 0.204 Loading class sun/util/resources/LocaleData$LocaleDataResourceBundleProvider done
Event: 0.204 Loading class sun/util/resources/LocaleData$CommonResourceBundleProvider done
Event: 0.204 Loading class java/util/ResourceBundle$NoFallbackControl
Event: 0.204 Loading class java/util/ResourceBundle$SingleFormatControl
Event: 0.204 Loading class java/util/ResourceBundle$SingleFormatControl done
Event: 0.204 Loading class java/util/ResourceBundle$NoFallbackControl done
Event: 0.204 Loading class sun/text/resources/cldr/FormatData
Event: 0.204 Loading class java/util/ListResourceBundle
Event: 0.204 Loading class java/util/ListResourceBundle done
Event: 0.204 Loading class sun/text/resources/cldr/FormatData done
Event: 0.204 Loading class java/util/ResourceBundle$ResourceBundleProviderHelper
Event: 0.204 Loading class java/util/ResourceBundle$ResourceBundleProviderHelper done
Event: 0.205 Loading class sun/util/resources/Bundles$BundleReference
Event: 0.205 Loading class sun/util/resources/Bundles$CacheKeyReference
Event: 0.206 Loading class sun/util/resources/Bundles$CacheKeyReference done

Classes unloaded (0 events):
No events

Classes redefined (0 events):
No events

Internal exceptions (0 events):
No events

VM Operations (0 events):
No events

Events (15 events):
Event: 0.006 Loaded shared library C:\Program Files\Java\jdk-18.0.1.1\bin\java.dll
Event: 0.043 Loaded shared library C:\Program Files\Java\jdk-18.0.1.1\bin\jsvml.dll
Event: 0.043 Thread 0x000001acec5fd0d0 Thread added: 0x000001acec5fd0d0
Event: 0.057 Thread 0x000001ac8f145150 Thread added: 0x000001ac8f145150
Event: 0.058 Thread 0x000001ac8f146960 Thread added: 0x000001ac8f146960
Event: 0.089 Thread 0x000001ac8f177420 Thread added: 0x000001ac8f177420
Event: 0.089 Thread 0x000001ac8f178ce0 Thread added: 0x000001ac8f178ce0
Event: 0.089 Thread 0x000001ac8f179590 Thread added: 0x000001ac8f179590
Event: 0.089 Thread 0x000001ac8f179e40 Thread added: 0x000001ac8f179e40
Event: 0.089 Thread 0x000001ac8f17aa20 Thread added: 0x000001ac8f17aa20
Event: 0.093 Thread 0x000001ac8f1eb540 Thread added: 0x000001ac8f1eb540
Event: 0.094 Thread 0x000001ac8f1f0200 Thread added: 0x000001ac8f1f0200
Event: 0.141 Thread 0x000001ac93504000 Thread added: 0x000001ac93504000
Event: 0.148 Thread 0x000001ac935245d0 Thread added: 0x000001ac935245d0
Event: 0.190 Loaded shared library C:\Program Files\Java\jdk-18.0.1.1\bin\jimage.dll


Dynamic libraries:
0x00007ff742e10000 - 0x00007ff742e20000 	C:\Program Files\Java\jdk-18.0.1.1\bin\javaw.exe
0x00007ffb29ab0000 - 0x00007ffb29ca7000 	C:\Windows\SYSTEM32\ntdll.dll
0x00007ffb29480000 - 0x00007ffb2953d000 	C:\Windows\System32\KERNEL32.DLL
0x00007ffb275b0000 - 0x00007ffb2787d000 	C:\Windows\System32\KERNELBASE.dll
0x00007ffb272d0000 - 0x00007ffb273d0000 	C:\Windows\System32\ucrtbase.dll
0x00007ffb21920000 - 0x00007ffb21938000 	C:\Program Files\Java\jdk-18.0.1.1\bin\jli.dll
0x00007ffb298a0000 - 0x00007ffb2994e000 	C:\Windows\System32\ADVAPI32.dll
0x00007ffb27c40000 - 0x00007ffb27cde000 	C:\Windows\System32\msvcrt.dll
0x00007ffb28910000 - 0x00007ffb289ac000 	C:\Windows\System32\sechost.dll
0x00007ffb27b10000 - 0x00007ffb27c35000 	C:\Windows\System32\RPCRT4.dll
0x00007ffb28500000 - 0x00007ffb286a0000 	C:\Windows\System32\USER32.dll
0x00007ffb273d0000 - 0x00007ffb273f2000 	C:\Windows\System32\win32u.dll
0x00007ffb28430000 - 0x00007ffb2845a000 	C:\Windows\System32\GDI32.dll
0x00007ffb27400000 - 0x00007ffb2750b000 	C:\Windows\System32\gdi32full.dll
0x00007ffb27510000 - 0x00007ffb275ad000 	C:\Windows\System32\msvcp_win.dll
0x00007ffb217e0000 - 0x00007ffb217fa000 	C:\Program Files\Java\jdk-18.0.1.1\bin\VCRUNTIME140.dll
0x00007ffb212d0000 - 0x00007ffb2156a000 	C:\Windows\WinSxS\amd64_microsoft.windows.common-controls_6595b64144ccf1df_6.0.19041.1110_none_60b5254171f9507e\COMCTL32.dll
0x00007ffb22a70000 - 0x00007ffb22a7a000 	C:\Windows\SYSTEM32\VERSION.dll
0x00007ffb29330000 - 0x00007ffb29360000 	C:\Windows\System32\IMM32.DLL
0x00007ffb21780000 - 0x00007ffb2178c000 	C:\Program Files\Java\jdk-18.0.1.1\bin\vcruntime140_1.dll
0x00007ffb1c070000 - 0x00007ffb1c0fd000 	C:\Program Files\Java\jdk-18.0.1.1\bin\msvcp140.dll
0x00007ffae0b40000 - 0x00007ffae1750000 	C:\Program Files\Java\jdk-18.0.1.1\bin\server\jvm.dll
0x00007ffb27cf0000 - 0x00007ffb27cf8000 	C:\Windows\System32\PSAPI.DLL
0x00007ffb21770000 - 0x00007ffb21779000 	C:\Windows\SYSTEM32\WSOCK32.dll
0x00007ffb29360000 - 0x00007ffb293cb000 	C:\Windows\System32\WS2_32.dll
0x00007ffb09300000 - 0x00007ffb09327000 	C:\Windows\SYSTEM32\WINMM.dll
0x00007ffb250d0000 - 0x00007ffb250e2000 	C:\Windows\SYSTEM32\kernel.appcore.dll
0x00007ffb216a0000 - 0x00007ffb216aa000 	C:\Program Files\Java\jdk-18.0.1.1\bin\jimage.dll
0x00007ffb21fc0000 - 0x00007ffb221a4000 	C:\Windows\SYSTEM32\DBGHELP.DLL
0x00007ffb21d90000 - 0x00007ffb21dbc000 	C:\Windows\SYSTEM32\dbgcore.DLL
0x00007ffb27a50000 - 0x00007ffb27ad2000 	C:\Windows\System32\bcryptPrimitives.dll
0x00007ffb14a00000 - 0x00007ffb14a25000 	C:\Program Files\Java\jdk-18.0.1.1\bin\java.dll
0x00007ffb13310000 - 0x00007ffb133e6000 	C:\Program Files\Java\jdk-18.0.1.1\bin\jsvml.dll
0x00007ffb28a90000 - 0x00007ffb291d4000 	C:\Windows\System32\SHELL32.dll
0x00007ffb252d0000 - 0x00007ffb25a64000 	C:\Windows\SYSTEM32\windows.storage.dll
0x00007ffb29540000 - 0x00007ffb29894000 	C:\Windows\System32\combase.dll
0x00007ffb26b60000 - 0x00007ffb26b8c000 	C:\Windows\SYSTEM32\Wldp.dll
0x00007ffb293d0000 - 0x00007ffb2947d000 	C:\Windows\System32\SHCORE.dll
0x00007ffb286b0000 - 0x00007ffb28705000 	C:\Windows\System32\shlwapi.dll
0x00007ffb27110000 - 0x00007ffb2712f000 	C:\Windows\SYSTEM32\profapi.dll

dbghelp: loaded successfully - version: 4.0.5 - missing functions: none
symbol engine: initialized successfully - sym options: 0x614 - pdb path: .;C:\Program Files\Java\jdk-18.0.1.1\bin;C:\Windows\SYSTEM32;C:\Windows\WinSxS\amd64_microsoft.windows.common-controls_6595b64144ccf1df_6.0.19041.1110_none_60b5254171f9507e;C:\Program Files\Java\jdk-18.0.1.1\bin\server

VM Arguments:
jvm_args: -Dfile.encoding=UTF-8 -XX:+ShowCodeDetailsInExceptionMessages 
java_command: Operadores
java_class_path (initial): C:\Users\Esther\eclipse-workspace\PrimerProyecto\bin
Launcher Type: SUN_STANDARD

[Global flags]
     intx CICompilerCount                          = 2                                         {product} {ergonomic}
     uint ConcGCThreads                            = 1                                         {product} {ergonomic}
     uint G1ConcRefinementThreads                  = 2                                         {product} {ergonomic}
   size_t G1HeapRegionSize                         = 1048576                                   {product} {ergonomic}
    uintx GCDrainStackTargetSize                   = 64                                        {product} {ergonomic}
   size_t InitialHeapSize                          = 50331648                                  {product} {ergonomic}
   size_t MarkStackSize                            = 4194304                                   {product} {ergonomic}
   size_t MaxHeapSize                              = 805306368                                 {product} {ergonomic}
   size_t MaxNewSize                               = 482344960                                 {product} {ergonomic}
   size_t MinHeapDeltaBytes                        = 1048576                                   {product} {ergonomic}
   size_t MinHeapSize                              = 8388608                                   {product} {ergonomic}
    uintx NonNMethodCodeHeapSize                   = 5826188                                {pd product} {ergonomic}
    uintx NonProfiledCodeHeapSize                  = 122916026                              {pd product} {ergonomic}
    uintx ProfiledCodeHeapSize                     = 122916026                              {pd product} {ergonomic}
    uintx ReservedCodeCacheSize                    = 251658240                              {pd product} {ergonomic}
     bool SegmentedCodeCache                       = true                                      {product} {ergonomic}
     bool ShowCodeDetailsInExceptionMessages       = true                                   {manageable} {command line}
   size_t SoftMaxHeapSize                          = 805306368                              {manageable} {ergonomic}
     bool UseCompressedClassPointers               = true                           {product lp64_product} {ergonomic}
     bool UseCompressedOops                        = true                           {product lp64_product} {ergonomic}
     bool UseG1GC                                  = true                                      {product} {ergonomic}
     bool UseLargePagesIndividualAllocation        = false                                  {pd product} {ergonomic}

Logging:
Log output configuration:
 #0: stdout all=warning uptime,level,tags foldmultilines=false
 #1: stderr all=off uptime,level,tags foldmultilines=false

Environment Variables:
PATH=C:/Program Files/Java/jdk-18.0.1.1/bin/server;C:/Program Files/Java/jdk-18.0.1.1/bin;C:\Program Files\Common Files\Oracle\Java\javapath;C:\Windows\system32;C:\Windows;C:\Windows\System32\Wbem;C:\Windows\System32\WindowsPowerShell\v1.0\;C:\Windows\System32\OpenSSH\;C:\Program Files\VSCodium\bin;C:\Program Files\Git\cmd;C:\Program Files\MySQL\MySQL Shell 8.0\bin\;C:\Users\Esther\AppData\Local\Microsoft\WindowsApps;;C:\Users\Esther\Desktop;
USERNAME=Esther
OS=Windows_NT
PROCESSOR_IDENTIFIER=Intel64 Family 6 Model 126 Stepping 5, GenuineIntel



---------------  S Y S T E M  ---------------

OS:
 Windows 10 , 64 bit Build 19041 (10.0.19041.1741)
OS uptime: 0 days 2:49 hours

CPU: total 2 (initial active 2) (2 cores per cpu, 1 threads per core) family 6 model 126 stepping 5 microcode 0x0, cx8, cmov, fxsr, mmx, 3dnowpref, sse, sse2, sse3, ssse3, sse4.1, sse4.2, popcnt, lzcnt, tsc, tscinvbit, avx, avx2, aes, clmul, vzeroupper, clflush, clflushopt, hv

Memory: 4k page, system-wide physical 3071M (269M free)
TotalPageFile size 8119M (AvailPageFile size 5M)
current process WorkingSet (physical memory assigned to process): 28M, peak: 28M
current process commit charge ("private bytes"): 108M, peak: 109M

vm_info: Java HotSpot(TM) 64-Bit Server VM (18.0.1.1+2-6) for windows-amd64 JRE (18.0.1.1+2-6), built on Apr 25 2022 21:53:15 by "mach5one" with MS VC++ 16.8 / 16.9 (VS2019)

END.
