#
# There is insufficient memory for the Java Runtime Environment to continue.
# Native memory allocation (malloc) failed to allocate 32744 bytes for Chunk::new
# Possible reasons:
#   The system is out of physical RAM or swap space
#   The process is running with CompressedOops enabled, and the Java Heap may be blocking the growth of the native heap
# Possible solutions:
#   Reduce memory load on the system
#   Increase physical memory or swap space
#   Check if swap backing store is full
#   Decrease Java heap size (-Xmx/-Xms)
#   Decrease number of Java threads
#   Decrease Java thread stack sizes (-Xss)
#   Set larger code cache with -XX:ReservedCodeCacheSize=
#   JVM is running with Unscaled Compressed Oops mode in which the Java heap is
#     placed in the first 4GB address space. The Java Heap base address is the
#     maximum limit for the native heap growth. Please use -XX:HeapBaseMinAddress
#     to set the Java Heap base and to place the Java Heap above 4GB virtual address.
# This output file may be truncated or incomplete.
#
#  Out of Memory Error (arena.cpp:184), pid=9408, tid=9500
#
# JRE version: Java(TM) SE Runtime Environment (18.0.1.1+2) (build 18.0.1.1+2-6)
# Java VM: Java HotSpot(TM) 64-Bit Server VM (18.0.1.1+2-6, mixed mode, tiered, compressed oops, compressed class ptrs, g1 gc, windows-amd64)
# No core dump will be written. Minidumps are not enabled by default on client versions of Windows
#

---------------  S U M M A R Y ------------

Command Line: -Dfile.encoding=UTF-8 -XX:+ShowCodeDetailsInExceptionMessages Operadores

Host: Intel(R) Core(TM) i5-1035G1 CPU @ 1.00GHz, 2 cores, 2G,  Windows 10 , 64 bit Build 19041 (10.0.19041.1741)
Time: Tue Jun 21 11:40:21 2022 Hora de verano romance elapsed time: 0.155826 seconds (0d 0h 0m 0s)

---------------  T H R E A D  ---------------

Current thread (0x00000204d000ef10):  JavaThread "C1 CompilerThread0" daemon [_thread_in_vm, id=9500, stack(0x000000a87a900000,0x000000a87aa00000)]


Current CompileTask:
C1:    155   18       3       java.util.Objects::requireNonNull (14 bytes)

Stack: [0x000000a87a900000,0x000000a87aa00000]
Native frames: (J=compiled Java code, j=interpreted, Vv=VM code, C=native code)
V  [jvm.dll+0x69887a]
V  [jvm.dll+0x7f38bd]
V  [jvm.dll+0x7f51ce]
V  [jvm.dll+0x7f5883]
V  [jvm.dll+0x25ca3f]
V  [jvm.dll+0xb8c2f]
V  [jvm.dll+0xb8fa5]
V  [jvm.dll+0x1ec96b]
V  [jvm.dll+0x1d89cb]
V  [jvm.dll+0x23e76d]
V  [jvm.dll+0x23cbb5]
V  [jvm.dll+0x7a5fb1]
V  [jvm.dll+0x7a03ea]
V  [jvm.dll+0x697725]
C  [ucrtbase.dll+0x21bb2]
C  [KERNEL32.DLL+0x17034]
C  [ntdll.dll+0x52651]


---------------  P R O C E S S  ---------------

Threads class SMR info:
_java_thread_list=0x00000204cff74250, length=10, elements={
0x00000204b592d260, 0x00000204cff69150, 0x00000204cff6a960, 0x00000204cff9af20,
0x00000204cff9c7e0, 0x00000204cff9d090, 0x00000204cff9d940, 0x00000204cff9e520,
0x00000204d000ef10, 0x00000204d0013bd0
}

Java Threads: ( => current thread )
  0x00000204b592d260 JavaThread "main" [_thread_in_vm, id=9444, stack(0x000000a879b00000,0x000000a879c00000)]
  0x00000204cff69150 JavaThread "Reference Handler" daemon [_thread_blocked, id=9472, stack(0x000000a87a200000,0x000000a87a300000)]
  0x00000204cff6a960 JavaThread "Finalizer" daemon [_thread_blocked, id=9476, stack(0x000000a87a300000,0x000000a87a400000)]
  0x00000204cff9af20 JavaThread "Signal Dispatcher" daemon [_thread_blocked, id=9480, stack(0x000000a87a400000,0x000000a87a500000)]
  0x00000204cff9c7e0 JavaThread "Attach Listener" daemon [_thread_blocked, id=9484, stack(0x000000a87a500000,0x000000a87a600000)]
  0x00000204cff9d090 JavaThread "Service Thread" daemon [_thread_blocked, id=9488, stack(0x000000a87a600000,0x000000a87a700000)]
  0x00000204cff9d940 JavaThread "Monitor Deflation Thread" daemon [_thread_blocked, id=9492, stack(0x000000a87a700000,0x000000a87a800000)]
  0x00000204cff9e520 JavaThread "C2 CompilerThread0" daemon [_thread_in_native, id=9496, stack(0x000000a87a800000,0x000000a87a900000)]
=>0x00000204d000ef10 JavaThread "C1 CompilerThread0" daemon [_thread_in_vm, id=9500, stack(0x000000a87a900000,0x000000a87aa00000)]
  0x00000204d0013bd0 JavaThread "Sweeper thread" daemon [_thread_blocked, id=9504, stack(0x000000a87aa00000,0x000000a87ab00000)]

Other Threads:
  0x00000204cff0e240 VMThread "VM Thread" [stack: 0x000000a87a100000,0x000000a87a200000] [id=9468]
  0x00000204b5968920 WorkerThread "GC Thread#0" [stack: 0x000000a879c00000,0x000000a879d00000] [id=9448]
  0x00000204b5970770 ConcurrentGCThread "G1 Main Marker" [stack: 0x000000a879d00000,0x000000a879e00000] [id=9452]
  0x00000204b5972820 WorkerThread "G1 Conc#0" [stack: 0x000000a879e00000,0x000000a879f00000] [id=9456]
  0x00000204b5991550 ConcurrentGCThread "G1 Refine#0" [stack: 0x000000a879f00000,0x000000a87a000000] [id=9460]
  0x00000204b5992510 ConcurrentGCThread "G1 Service" [stack: 0x000000a87a000000,0x000000a87a100000] [id=9464]

Threads with active compile tasks:
C2 CompilerThread0      206   17       4       java.lang.StringLatin1::hashCode (42 bytes)
C1 CompilerThread0      206   18       3       java.util.Objects::requireNonNull (14 bytes)

VM state: not at safepoint (normal execution)

VM Mutex/Monitor currently owned by a thread: None

Heap address: 0x00000000d0000000, size: 768 MB, Compressed Oops mode: 32-bit

CDS archive(s) not mapped
Compressed class space mapped at: 0x0000000100000000-0x0000000140000000, reserved size: 1073741824
Narrow klass base: 0x0000000000000000, Narrow klass shift: 3, Narrow klass range: 0x140000000

GC Precious Log:
 CardTable entry size: 512
 Card Set container configuration: InlinePtr #cards 5 size 8 Array Of Cards #cards 12 size 40 Howl #buckets 4 coarsen threshold 1843 Howl Bitmap #cards 512 size 80 coarsen threshold 460 Card regions per heap region 1 cards per card region 2048
 CPUs: 2 total, 2 available
 Memory: 3071M
 Large Page Support: Disabled
 NUMA Support: Disabled
 Compressed Oops: Enabled (32-bit)
 Heap Region Size: 1M
 Heap Min Capacity: 8M
 Heap Initial Capacity: 48M
 Heap Max Capacity: 768M
 Pre-touch: Disabled
 Parallel Workers: 2
 Concurrent Workers: 1
 Concurrent Refinement Workers: 2
 Periodic GC: Disabled

Heap:
 garbage-first heap   total 49152K, used 0K [0x00000000d0000000, 0x0000000100000000)
  region size 1024K, 1 young (1024K), 0 survivors (0K)
 Metaspace       used 3447K, committed 3520K, reserved 1114112K
  class space    used 266K, committed 320K, reserved 1048576K

Heap Regions: E=young(eden), S=young(survivor), O=old, HS=humongous(starts), HC=humongous(continues), CS=collection set, F=free, OA=open archive, CA=closed archive, TAMS=top-at-mark-start (previous, next)
|   0|0x00000000d0000000, 0x00000000d0000000, 0x00000000d0100000|  0%| F|  |TAMS 0x00000000d0000000, 0x00000000d0000000| Untracked 
|   1|0x00000000d0100000, 0x00000000d0100000, 0x00000000d0200000|  0%| F|  |TAMS 0x00000000d0100000, 0x00000000d0100000| Untracked 
|   2|0x00000000d0200000, 0x00000000d0200000, 0x00000000d0300000|  0%| F|  |TAMS 0x00000000d0200000, 0x00000000d0200000| Untracked 
|   3|0x00000000d0300000, 0x00000000d0300000, 0x00000000d0400000|  0%| F|  |TAMS 0x00000000d0300000, 0x00000000d0300000| Untracked 
|   4|0x00000000d0400000, 0x00000000d0400000, 0x00000000d0500000|  0%| F|  |TAMS 0x00000000d0400000, 0x00000000d0400000| Untracked 
|   5|0x00000000d0500000, 0x00000000d0500000, 0x00000000d0600000|  0%| F|  |TAMS 0x00000000d0500000, 0x00000000d0500000| Untracked 
|   6|0x00000000d0600000, 0x00000000d0600000, 0x00000000d0700000|  0%| F|  |TAMS 0x00000000d0600000, 0x00000000d0600000| Untracked 
|   7|0x00000000d0700000, 0x00000000d0700000, 0x00000000d0800000|  0%| F|  |TAMS 0x00000000d0700000, 0x00000000d0700000| Untracked 
|   8|0x00000000d0800000, 0x00000000d0800000, 0x00000000d0900000|  0%| F|  |TAMS 0x00000000d0800000, 0x00000000d0800000| Untracked 
|   9|0x00000000d0900000, 0x00000000d0900000, 0x00000000d0a00000|  0%| F|  |TAMS 0x00000000d0900000, 0x00000000d0900000| Untracked 
|  10|0x00000000d0a00000, 0x00000000d0a00000, 0x00000000d0b00000|  0%| F|  |TAMS 0x00000000d0a00000, 0x00000000d0a00000| Untracked 
|  11|0x00000000d0b00000, 0x00000000d0b00000, 0x00000000d0c00000|  0%| F|  |TAMS 0x00000000d0b00000, 0x00000000d0b00000| Untracked 
|  12|0x00000000d0c00000, 0x00000000d0c00000, 0x00000000d0d00000|  0%| F|  |TAMS 0x00000000d0c00000, 0x00000000d0c00000| Untracked 
|  13|0x00000000d0d00000, 0x00000000d0d00000, 0x00000000d0e00000|  0%| F|  |TAMS 0x00000000d0d00000, 0x00000000d0d00000| Untracked 
|  14|0x00000000d0e00000, 0x00000000d0e00000, 0x00000000d0f00000|  0%| F|  |TAMS 0x00000000d0e00000, 0x00000000d0e00000| Untracked 
|  15|0x00000000d0f00000, 0x00000000d0f00000, 0x00000000d1000000|  0%| F|  |TAMS 0x00000000d0f00000, 0x00000000d0f00000| Untracked 
|  16|0x00000000d1000000, 0x00000000d1000000, 0x00000000d1100000|  0%| F|  |TAMS 0x00000000d1000000, 0x00000000d1000000| Untracked 
|  17|0x00000000d1100000, 0x00000000d1100000, 0x00000000d1200000|  0%| F|  |TAMS 0x00000000d1100000, 0x00000000d1100000| Untracked 
|  18|0x00000000d1200000, 0x00000000d1200000, 0x00000000d1300000|  0%| F|  |TAMS 0x00000000d1200000, 0x00000000d1200000| Untracked 
|  19|0x00000000d1300000, 0x00000000d1300000, 0x00000000d1400000|  0%| F|  |TAMS 0x00000000d1300000, 0x00000000d1300000| Untracked 
|  20|0x00000000d1400000, 0x00000000d1400000, 0x00000000d1500000|  0%| F|  |TAMS 0x00000000d1400000, 0x00000000d1400000| Untracked 
|  21|0x00000000d1500000, 0x00000000d1500000, 0x00000000d1600000|  0%| F|  |TAMS 0x00000000d1500000, 0x00000000d1500000| Untracked 
|  22|0x00000000d1600000, 0x00000000d1600000, 0x00000000d1700000|  0%| F|  |TAMS 0x00000000d1600000, 0x00000000d1600000| Untracked 
|  23|0x00000000d1700000, 0x00000000d1700000, 0x00000000d1800000|  0%| F|  |TAMS 0x00000000d1700000, 0x00000000d1700000| Untracked 
|  24|0x00000000d1800000, 0x00000000d1800000, 0x00000000d1900000|  0%| F|  |TAMS 0x00000000d1800000, 0x00000000d1800000| Untracked 
|  25|0x00000000d1900000, 0x00000000d1900000, 0x00000000d1a00000|  0%| F|  |TAMS 0x00000000d1900000, 0x00000000d1900000| Untracked 
|  26|0x00000000d1a00000, 0x00000000d1a00000, 0x00000000d1b00000|  0%| F|  |TAMS 0x00000000d1a00000, 0x00000000d1a00000| Untracked 
|  27|0x00000000d1b00000, 0x00000000d1b00000, 0x00000000d1c00000|  0%| F|  |TAMS 0x00000000d1b00000, 0x00000000d1b00000| Untracked 
|  28|0x00000000d1c00000, 0x00000000d1c00000, 0x00000000d1d00000|  0%| F|  |TAMS 0x00000000d1c00000, 0x00000000d1c00000| Untracked 
|  29|0x00000000d1d00000, 0x00000000d1d00000, 0x00000000d1e00000|  0%| F|  |TAMS 0x00000000d1d00000, 0x00000000d1d00000| Untracked 
|  30|0x00000000d1e00000, 0x00000000d1e00000, 0x00000000d1f00000|  0%| F|  |TAMS 0x00000000d1e00000, 0x00000000d1e00000| Untracked 
|  31|0x00000000d1f00000, 0x00000000d1f00000, 0x00000000d2000000|  0%| F|  |TAMS 0x00000000d1f00000, 0x00000000d1f00000| Untracked 
|  32|0x00000000d2000000, 0x00000000d2000000, 0x00000000d2100000|  0%| F|  |TAMS 0x00000000d2000000, 0x00000000d2000000| Untracked 
|  33|0x00000000d2100000, 0x00000000d2100000, 0x00000000d2200000|  0%| F|  |TAMS 0x00000000d2100000, 0x00000000d2100000| Untracked 
|  34|0x00000000d2200000, 0x00000000d2200000, 0x00000000d2300000|  0%| F|  |TAMS 0x00000000d2200000, 0x00000000d2200000| Untracked 
|  35|0x00000000d2300000, 0x00000000d2300000, 0x00000000d2400000|  0%| F|  |TAMS 0x00000000d2300000, 0x00000000d2300000| Untracked 
|  36|0x00000000d2400000, 0x00000000d2400000, 0x00000000d2500000|  0%| F|  |TAMS 0x00000000d2400000, 0x00000000d2400000| Untracked 
|  37|0x00000000d2500000, 0x00000000d2500000, 0x00000000d2600000|  0%| F|  |TAMS 0x00000000d2500000, 0x00000000d2500000| Untracked 
|  38|0x00000000d2600000, 0x00000000d2600000, 0x00000000d2700000|  0%| F|  |TAMS 0x00000000d2600000, 0x00000000d2600000| Untracked 
|  39|0x00000000d2700000, 0x00000000d2700000, 0x00000000d2800000|  0%| F|  |TAMS 0x00000000d2700000, 0x00000000d2700000| Untracked 
|  40|0x00000000d2800000, 0x00000000d2800000, 0x00000000d2900000|  0%| F|  |TAMS 0x00000000d2800000, 0x00000000d2800000| Untracked 
|  41|0x00000000d2900000, 0x00000000d2900000, 0x00000000d2a00000|  0%| F|  |TAMS 0x00000000d2900000, 0x00000000d2900000| Untracked 
|  42|0x00000000d2a00000, 0x00000000d2a00000, 0x00000000d2b00000|  0%| F|  |TAMS 0x00000000d2a00000, 0x00000000d2a00000| Untracked 
|  43|0x00000000d2b00000, 0x00000000d2b00000, 0x00000000d2c00000|  0%| F|  |TAMS 0x00000000d2b00000, 0x00000000d2b00000| Untracked 
|  44|0x00000000d2c00000, 0x00000000d2c00000, 0x00000000d2d00000|  0%| F|  |TAMS 0x00000000d2c00000, 0x00000000d2c00000| Untracked 
|  45|0x00000000d2d00000, 0x00000000d2d00000, 0x00000000d2e00000|  0%| F|  |TAMS 0x00000000d2d00000, 0x00000000d2d00000| Untracked 
|  46|0x00000000d2e00000, 0x00000000d2e00000, 0x00000000d2f00000|  0%| F|  |TAMS 0x00000000d2e00000, 0x00000000d2e00000| Untracked 
|  47|0x00000000d2f00000, 0x00000000d2f9c8d8, 0x00000000d3000000| 61%| E|  |TAMS 0x00000000d2f00000, 0x00000000d2f00000| Complete 

Card table byte_map: [0x00000204b5680000,0x00000204b5800000] _byte_map_base: 0x00000204b5000000

Marking Bits (Prev, Next): (CMBitMap*) 0x00000204b5969e40, (CMBitMap*) 0x00000204b5969e80
 Prev Bits: [0x00000204cc3f0000, 0x00000204ccff0000)
 Next Bits: [0x00000204ccff0000, 0x00000204cdbf0000)

Polling page: 0x00000204b37d0000

Metaspace:

Usage:
  Non-class:      3.11 MB used.
      Class:    266.15 KB used.
       Both:      3.37 MB used.

Virtual space:
  Non-class space:       64.00 MB reserved,       3.12 MB (  5%) committed,  1 nodes.
      Class space:        1.00 GB reserved,     320.00 KB ( <1%) committed,  1 nodes.
             Both:        1.06 GB reserved,       3.44 MB ( <1%) committed. 

Chunk freelists:
   Non-Class:  0 bytes
       Class:  3.62 MB
        Both:  3.62 MB

MaxMetaspaceSize: unlimited
CompressedClassSpaceSize: 1.00 GB
Initial GC threshold: 21.00 MB
Current GC threshold: 21.00 MB
CDS: off
MetaspaceReclaimPolicy: balanced
 - commit_granule_bytes: 65536.
 - commit_granule_words: 8192.
 - virtual_space_node_default_size: 8388608.
 - enlarge_chunks_in_place: 1.
 - new_chunks_are_fully_committed: 0.
 - uncommit_free_chunks: 1.
 - use_allocation_guard: 0.


Internal statistics:

num_allocs_failed_limit: 0.
num_arena_births: 2.
num_arena_deaths: 0.
num_vsnodes_births: 2.
num_vsnodes_deaths: 0.
num_space_committed: 55.
num_space_uncommitted: 0.
num_chunks_returned_to_freelist: 0.
num_chunks_taken_from_freelist: 4.
num_chunk_merges: 0.
num_chunk_splits: 1.
num_chunks_enlarged: 0.
num_inconsistent_stats: 0.

CodeHeap 'non-profiled nmethods': size=120064Kb used=1Kb max_used=1Kb free=120062Kb
 bounds [0x00000204c4d30000, 0x00000204c4fa0000, 0x00000204cc270000]
CodeHeap 'profiled nmethods': size=120000Kb used=22Kb max_used=22Kb free=119977Kb
 bounds [0x00000204bd800000, 0x00000204bda70000, 0x00000204c4d30000]
CodeHeap 'non-nmethods': size=5696Kb used=1042Kb max_used=1042Kb free=4653Kb
 bounds [0x00000204bd270000, 0x00000204bd4e0000, 0x00000204bd800000]
 total_blobs=304 nmethods=17 adapters=200
 compilation: enabled
              stopped_count=0, restarted_count=0
 full_count=0

Compilation events (20 events):
Event: 0.141 Thread 0x00000204d000ef10    8       3       java.lang.String::equals (56 bytes)
Event: 0.141 Thread 0x00000204d000ef10 nmethod 8 0x00000204bd802910 code [0x00000204bd802ae0, 0x00000204bd802f48]
Event: 0.142 Thread 0x00000204d000ef10    9       3       java.lang.StringLatin1::equals (36 bytes)
Event: 0.142 Thread 0x00000204d000ef10 nmethod 9 0x00000204bd803010 code [0x00000204bd8031c0, 0x00000204bd803478]
Event: 0.142 Thread 0x00000204d000ef10   10       3       java.util.Objects::equals (23 bytes)
Event: 0.142 Thread 0x00000204d000ef10 nmethod 10 0x00000204bd803590 code [0x00000204bd803740, 0x00000204bd8039a8]
Event: 0.143 Thread 0x00000204d000ef10   11       3       java.util.Set::of (4 bytes)
Event: 0.143 Thread 0x00000204d000ef10 nmethod 11 0x00000204bd803a90 code [0x00000204bd803c20, 0x00000204bd803d18]
Event: 0.143 Thread 0x00000204d000ef10   12       3       java.lang.module.ModuleDescriptor$Exports::<init> (20 bytes)
Event: 0.143 Thread 0x00000204d000ef10 nmethod 12 0x00000204bd803d90 code [0x00000204bd803f40, 0x00000204bd8041b8]
Event: 0.143 Thread 0x00000204d000ef10   13       3       java.lang.module.ModuleDescriptor::modsHashCode (46 bytes)
Event: 0.143 Thread 0x00000204d000ef10 nmethod 13 0x00000204bd804290 code [0x00000204bd804480, 0x00000204bd804a78]
Event: 0.144 Thread 0x00000204d000ef10   14       3       java.util.ImmutableCollections$SetN::iterator (9 bytes)
Event: 0.144 Thread 0x00000204d000ef10 nmethod 14 0x00000204bd804c90 code [0x00000204bd804e40, 0x00000204bd804fe8]
Event: 0.144 Thread 0x00000204d000ef10   15       3       java.util.ImmutableCollections$SetN$SetNIterator::hasNext (13 bytes)
Event: 0.144 Thread 0x00000204d000ef10 nmethod 15 0x00000204bd805090 code [0x00000204bd805220, 0x00000204bd805398]
Event: 0.145 Thread 0x00000204d000ef10   16       3       java.lang.module.ModuleDescriptor$Exports::hashCode (36 bytes)
Event: 0.145 Thread 0x00000204d000ef10 nmethod 16 0x00000204bd805410 code [0x00000204bd8055e0, 0x00000204bd805848]
Event: 0.145 Thread 0x00000204cff9e520   17       4       java.lang.StringLatin1::hashCode (42 bytes)
Event: 0.147 Thread 0x00000204d000ef10   18       3       java.util.Objects::requireNonNull (14 bytes)

GC Heap History (0 events):
No events

Deoptimization events (0 events):
No events

Classes loaded (20 events):
Event: 0.133 Loading class java/lang/module/ModuleDescriptor$Exports
Event: 0.133 Loading class java/lang/module/ModuleDescriptor$Exports done
Event: 0.134 Loading class java/util/ImmutableCollections$SetN$SetNIterator
Event: 0.134 Loading class java/util/ImmutableCollections$SetN$SetNIterator done
Event: 0.134 Loading class java/lang/module/ModuleDescriptor$Opens
Event: 0.135 Loading class java/lang/module/ModuleDescriptor$Opens done
Event: 0.135 Loading class java/lang/module/ModuleDescriptor$Provides
Event: 0.135 Loading class java/lang/module/ModuleDescriptor$Provides done
Event: 0.135 Loading class java/util/ImmutableCollections$List12
Event: 0.136 Loading class java/util/ImmutableCollections$List12 done
Event: 0.136 Loading class java/lang/module/ModuleDescriptor$Version
Event: 0.136 Loading class java/lang/module/ModuleDescriptor$Version done
Event: 0.137 Loading class java/lang/module/ModuleDescriptor$Modifier
Event: 0.140 Loading class java/lang/Enum
Event: 0.140 Loading class java/lang/Enum done
Event: 0.140 Loading class java/lang/module/ModuleDescriptor$Modifier done
Event: 0.141 Loading class java/lang/module/ModuleDescriptor$Requires$Modifier
Event: 0.141 Loading class java/lang/module/ModuleDescriptor$Requires$Modifier done
Event: 0.141 Loading class java/util/ImmutableCollections$Set12$1
Event: 0.141 Loading class java/util/ImmutableCollections$Set12$1 done

Classes unloaded (0 events):
No events

Classes redefined (0 events):
No events

Internal exceptions (0 events):
No events

VM Operations (0 events):
No events

Events (12 events):
Event: 0.010 Loaded shared library C:\Program Files\Java\jdk-18.0.1.1\bin\java.dll
Event: 0.074 Loaded shared library C:\Program Files\Java\jdk-18.0.1.1\bin\jsvml.dll
Event: 0.074 Thread 0x00000204b592d260 Thread added: 0x00000204b592d260
Event: 0.083 Thread 0x00000204cff69150 Thread added: 0x00000204cff69150
Event: 0.084 Thread 0x00000204cff6a960 Thread added: 0x00000204cff6a960
Event: 0.109 Thread 0x00000204cff9af20 Thread added: 0x00000204cff9af20
Event: 0.110 Thread 0x00000204cff9c7e0 Thread added: 0x00000204cff9c7e0
Event: 0.110 Thread 0x00000204cff9d090 Thread added: 0x00000204cff9d090
Event: 0.110 Thread 0x00000204cff9d940 Thread added: 0x00000204cff9d940
Event: 0.110 Thread 0x00000204cff9e520 Thread added: 0x00000204cff9e520
Event: 0.117 Thread 0x00000204d000ef10 Thread added: 0x00000204d000ef10
Event: 0.118 Thread 0x00000204d0013bd0 Thread added: 0x00000204d0013bd0


Dynamic libraries:
0x00007ff742e10000 - 0x00007ff742e20000 	C:\Program Files\Java\jdk-18.0.1.1\bin\javaw.exe
0x00007ffb29ab0000 - 0x00007ffb29ca7000 	C:\Windows\SYSTEM32\ntdll.dll
0x00007ffb29480000 - 0x00007ffb2953d000 	C:\Windows\System32\KERNEL32.DLL
0x00007ffb275b0000 - 0x00007ffb2787d000 	C:\Windows\System32\KERNELBASE.dll
0x00007ffb272d0000 - 0x00007ffb273d0000 	C:\Windows\System32\ucrtbase.dll
0x00007ffb21920000 - 0x00007ffb21938000 	C:\Program Files\Java\jdk-18.0.1.1\bin\jli.dll
0x00007ffb298a0000 - 0x00007ffb2994e000 	C:\Windows\System32\ADVAPI32.dll
0x00007ffb27c40000 - 0x00007ffb27cde000 	C:\Windows\System32\msvcrt.dll
0x00007ffb28910000 - 0x00007ffb289ac000 	C:\Windows\System32\sechost.dll
0x00007ffb27b10000 - 0x00007ffb27c35000 	C:\Windows\System32\RPCRT4.dll
0x00007ffb28500000 - 0x00007ffb286a0000 	C:\Windows\System32\USER32.dll
0x00007ffb273d0000 - 0x00007ffb273f2000 	C:\Windows\System32\win32u.dll
0x00007ffb28430000 - 0x00007ffb2845a000 	C:\Windows\System32\GDI32.dll
0x00007ffb27400000 - 0x00007ffb2750b000 	C:\Windows\System32\gdi32full.dll
0x00007ffb27510000 - 0x00007ffb275ad000 	C:\Windows\System32\msvcp_win.dll
0x00007ffb217e0000 - 0x00007ffb217fa000 	C:\Program Files\Java\jdk-18.0.1.1\bin\VCRUNTIME140.dll
0x00007ffb212d0000 - 0x00007ffb2156a000 	C:\Windows\WinSxS\amd64_microsoft.windows.common-controls_6595b64144ccf1df_6.0.19041.1110_none_60b5254171f9507e\COMCTL32.dll
0x00007ffb22a70000 - 0x00007ffb22a7a000 	C:\Windows\SYSTEM32\VERSION.dll
0x00007ffb29330000 - 0x00007ffb29360000 	C:\Windows\System32\IMM32.DLL
0x00007ffb21780000 - 0x00007ffb2178c000 	C:\Program Files\Java\jdk-18.0.1.1\bin\vcruntime140_1.dll
0x00007ffb1c070000 - 0x00007ffb1c0fd000 	C:\Program Files\Java\jdk-18.0.1.1\bin\msvcp140.dll
0x00007ffae0b40000 - 0x00007ffae1750000 	C:\Program Files\Java\jdk-18.0.1.1\bin\server\jvm.dll
0x00007ffb27cf0000 - 0x00007ffb27cf8000 	C:\Windows\System32\PSAPI.DLL
0x00007ffb21770000 - 0x00007ffb21779000 	C:\Windows\SYSTEM32\WSOCK32.dll
0x00007ffb29360000 - 0x00007ffb293cb000 	C:\Windows\System32\WS2_32.dll
0x00007ffb09300000 - 0x00007ffb09327000 	C:\Windows\SYSTEM32\WINMM.dll
0x00007ffb250d0000 - 0x00007ffb250e2000 	C:\Windows\SYSTEM32\kernel.appcore.dll
0x00007ffb216a0000 - 0x00007ffb216aa000 	C:\Program Files\Java\jdk-18.0.1.1\bin\jimage.dll
0x00007ffb21fc0000 - 0x00007ffb221a4000 	C:\Windows\SYSTEM32\DBGHELP.DLL
0x00007ffb21d90000 - 0x00007ffb21dbc000 	C:\Windows\SYSTEM32\dbgcore.DLL
0x00007ffb27a50000 - 0x00007ffb27ad2000 	C:\Windows\System32\bcryptPrimitives.dll
0x00007ffb14a00000 - 0x00007ffb14a25000 	C:\Program Files\Java\jdk-18.0.1.1\bin\java.dll
0x00007ffb13310000 - 0x00007ffb133e6000 	C:\Program Files\Java\jdk-18.0.1.1\bin\jsvml.dll
0x00007ffb28a90000 - 0x00007ffb291d4000 	C:\Windows\System32\SHELL32.dll
0x00007ffb252d0000 - 0x00007ffb25a64000 	C:\Windows\SYSTEM32\windows.storage.dll
0x00007ffb29540000 - 0x00007ffb29894000 	C:\Windows\System32\combase.dll
0x00007ffb26b60000 - 0x00007ffb26b8c000 	C:\Windows\SYSTEM32\Wldp.dll
0x00007ffb293d0000 - 0x00007ffb2947d000 	C:\Windows\System32\SHCORE.dll
0x00007ffb286b0000 - 0x00007ffb28705000 	C:\Windows\System32\shlwapi.dll
0x00007ffb27110000 - 0x00007ffb2712f000 	C:\Windows\SYSTEM32\profapi.dll

dbghelp: loaded successfully - version: 4.0.5 - missing functions: none
symbol engine: initialized successfully - sym options: 0x614 - pdb path: .;C:\Program Files\Java\jdk-18.0.1.1\bin;C:\Windows\SYSTEM32;C:\Windows\WinSxS\amd64_microsoft.windows.common-controls_6595b64144ccf1df_6.0.19041.1110_none_60b5254171f9507e;C:\Program Files\Java\jdk-18.0.1.1\bin\server

VM Arguments:
jvm_args: -Dfile.encoding=UTF-8 -XX:+ShowCodeDetailsInExceptionMessages 
java_command: Operadores
java_class_path (initial): C:\Users\Esther\eclipse-workspace\PrimerProyecto\bin
Launcher Type: SUN_STANDARD

[Global flags]
     intx CICompilerCount                          = 2                                         {product} {ergonomic}
     uint ConcGCThreads                            = 1                                         {product} {ergonomic}
     uint G1ConcRefinementThreads                  = 2                                         {product} {ergonomic}
   size_t G1HeapRegionSize                         = 1048576                                   {product} {ergonomic}
    uintx GCDrainStackTargetSize                   = 64                                        {product} {ergonomic}
   size_t InitialHeapSize                          = 50331648                                  {product} {ergonomic}
   size_t MarkStackSize                            = 4194304                                   {product} {ergonomic}
   size_t MaxHeapSize                              = 805306368                                 {product} {ergonomic}
   size_t MaxNewSize                               = 482344960                                 {product} {ergonomic}
   size_t MinHeapDeltaBytes                        = 1048576                                   {product} {ergonomic}
   size_t MinHeapSize                              = 8388608                                   {product} {ergonomic}
    uintx NonNMethodCodeHeapSize                   = 5826188                                {pd product} {ergonomic}
    uintx NonProfiledCodeHeapSize                  = 122916026                              {pd product} {ergonomic}
    uintx ProfiledCodeHeapSize                     = 122916026                              {pd product} {ergonomic}
    uintx ReservedCodeCacheSize                    = 251658240                              {pd product} {ergonomic}
     bool SegmentedCodeCache                       = true                                      {product} {ergonomic}
     bool ShowCodeDetailsInExceptionMessages       = true                                   {manageable} {command line}
   size_t SoftMaxHeapSize                          = 805306368                              {manageable} {ergonomic}
     bool UseCompressedClassPointers               = true                           {product lp64_product} {ergonomic}
     bool UseCompressedOops                        = true                           {product lp64_product} {ergonomic}
     bool UseG1GC                                  = true                                      {product} {ergonomic}
     bool UseLargePagesIndividualAllocation        = false                                  {pd product} {ergonomic}

Logging:
Log output configuration:
 #0: stdout all=warning uptime,level,tags foldmultilines=false
 #1: stderr all=off uptime,level,tags foldmultilines=false

Environment Variables:
PATH=C:/Program Files/Java/jdk-18.0.1.1/bin/server;C:/Program Files/Java/jdk-18.0.1.1/bin;C:\Program Files\Common Files\Oracle\Java\javapath;C:\Windows\system32;C:\Windows;C:\Windows\System32\Wbem;C:\Windows\System32\WindowsPowerShell\v1.0\;C:\Windows\System32\OpenSSH\;C:\Program Files\VSCodium\bin;C:\Program Files\Git\cmd;C:\Program Files\MySQL\MySQL Shell 8.0\bin\;C:\Users\Esther\AppData\Local\Microsoft\WindowsApps;;C:\Users\Esther\Desktop;
USERNAME=Esther
OS=Windows_NT
PROCESSOR_IDENTIFIER=Intel64 Family 6 Model 126 Stepping 5, GenuineIntel



---------------  S Y S T E M  ---------------

OS:
 Windows 10 , 64 bit Build 19041 (10.0.19041.1741)
OS uptime: 0 days 2:49 hours

CPU: total 2 (initial active 2) (2 cores per cpu, 1 threads per core) family 6 model 126 stepping 5 microcode 0x0, cx8, cmov, fxsr, mmx, 3dnowpref, sse, sse2, sse3, ssse3, sse4.1, sse4.2, popcnt, lzcnt, tsc, tscinvbit, avx, avx2, aes, clmul, vzeroupper, clflush, clflushopt, hv

Memory: 4k page, system-wide physical 3071M (316M free)
TotalPageFile size 8119M (AvailPageFile size 3M)
current process WorkingSet (physical memory assigned to process): 24M, peak: 24M
current process commit charge ("private bytes"): 104M, peak: 109M

vm_info: Java HotSpot(TM) 64-Bit Server VM (18.0.1.1+2-6) for windows-amd64 JRE (18.0.1.1+2-6), built on Apr 25 2022 21:53:15 by "mach5one" with MS VC++ 16.8 / 16.9 (VS2019)

END.
